<?xml version="1.0" encoding="UTF-8"?>
<testsuite name="application.dataTracker.services.MachineServiceTest" tests="5" skipped="0" failures="0" errors="0" timestamp="2023-10-31T14:12:16" hostname="C415MD6THL63" time="0.817">
  <properties/>
  <testcase name="findExistingMachineEventAndExpectRepoMethodsCalled()" classname="application.dataTracker.services.MachineServiceTest" time="0.786"/>
  <testcase name="saveEventForExistingSessionExpectRepoMethodsCalled()" classname="application.dataTracker.services.MachineServiceTest" time="0.013"/>
  <testcase name="findAllMachineIdsAndExpectRepoMethodCalled()" classname="application.dataTracker.services.MachineServiceTest" time="0.003"/>
  <testcase name="addMachineSessionAndExpectSaving()" classname="application.dataTracker.services.MachineServiceTest" time="0.006"/>
  <testcase name="findMostRecentMachineAndExpectRepoMethodCalled()" classname="application.dataTracker.services.MachineServiceTest" time="0.004"/>
  <system-out><![CDATA[]]></system-out>
  <system-err><![CDATA[]]></system-err>
</testsuite>
